[debug] [2026-07-05T15:01:37.861Z] ----------------------------------------------------------------------
[debug] [2026-07-05T15:01:37.863Z] Command:       C:\Program Files\nodejs\node.exe C:\Users\mihai\AppData\Roaming\npm\node_modules\firebase-tools\lib\bin\firebase.js init
[debug] [2026-07-05T15:01:37.863Z] CLI Version:   15.22.4
[debug] [2026-07-05T15:01:37.863Z] Platform:      win32
[debug] [2026-07-05T15:01:37.863Z] Node Version:  v24.18.0
[debug] [2026-07-05T15:01:37.863Z] Detected Agent: github_copilot_vscode_agent
[debug] [2026-07-05T15:01:37.863Z] Time:          Sun Jul 05 2026 18:01:37 GMT+0300 (Eastern European Summer Time)
[debug] [2026-07-05T15:01:37.863Z] ----------------------------------------------------------------------
[debug] 
[info] 
     ######## #### ########  ######## ########     ###     ######  ########
     ##        ##  ##     ## ##       ##     ##  ##   ##  ##       ##
     ######    ##  ########  ######   ########  #########  ######  ######
     ##        ##  ##    ##  ##       ##     ## ##     ##       ## ##
     ##       #### ##     ## ######## ########  ##     ##  ######  ########

You're about to initialize a Firebase project in this directory:

  D:\architecture

Before we get started, keep in mind:

  * You are initializing within an existing Firebase project directory

[info] 
=== Project Setup
[info] 
[info] First, let's associate this project directory with a Firebase project.
[info] You can create multiple project aliases by running firebase use --add, 
[info] 
[debug] [2026-07-05T15:01:56.878Z] > command requires scopes: ["email","openid","https://www.googleapis.com/auth/cloudplatformprojects.readonly","https://www.googleapis.com/auth/firebase","https://www.googleapis.com/auth/cloud-platform"]
[debug] [2026-07-05T15:01:56.878Z] > authorizing via signed-in user (berari.mihaidan@gmail.com)
[debug] [2026-07-05T15:01:56.879Z] Checked if tokens are valid: false, expires at: 1750786514574
[debug] [2026-07-05T15:01:56.880Z] Checked if tokens are valid: false, expires at: 1750786514574
[debug] [2026-07-05T15:01:56.880Z] > refreshing access token with scopes: []
[debug] [2026-07-05T15:01:56.881Z] >>> [apiv2][query] POST https://www.googleapis.com/oauth2/v3/token [none]
[debug] [2026-07-05T15:01:56.881Z] >>> [apiv2][body] POST https://www.googleapis.com/oauth2/v3/token [omitted]
[debug] [2026-07-05T15:01:56.998Z] <<< [apiv2][status] POST https://www.googleapis.com/oauth2/v3/token 400
[debug] [2026-07-05T15:01:56.998Z] <<< [apiv2][body] POST https://www.googleapis.com/oauth2/v3/token [omitted]
[debug] [2026-07-05T15:01:56.998Z] >>> [apiv2][query] GET https://firebase.googleapis.com/v1beta1/projects/your-firebase-project-id [none]
[debug] [2026-07-05T15:01:57.201Z] <<< [apiv2][status] GET https://firebase.googleapis.com/v1beta1/projects/your-firebase-project-id 401
[debug] [2026-07-05T15:01:57.201Z] <<< [apiv2][body] GET https://firebase.googleapis.com/v1beta1/projects/your-firebase-project-id {"error":{"code":401,"message":"Request had invalid authentication credentials. Expected OAuth 2 access token, login cookie or other valid authentication credential. See https://developers.google.com/identity/sign-in/web/devconsole-project.","status":"UNAUTHENTICATED"}}
[debug] [2026-07-05T15:01:57.201Z] Got a 401 Unauthenticated error for a call that required authentication. Refreshing tokens.
[debug] [2026-07-05T15:01:57.201Z] Checked if tokens are valid: false, expires at: 1750786514574
[debug] [2026-07-05T15:01:57.201Z] Checked if tokens are valid: false, expires at: 1750786514574
[debug] [2026-07-05T15:01:57.201Z] > refreshing access token with scopes: []
[debug] [2026-07-05T15:01:57.201Z] >>> [apiv2][query] POST https://www.googleapis.com/oauth2/v3/token [none]
[debug] [2026-07-05T15:01:57.201Z] >>> [apiv2][body] POST https://www.googleapis.com/oauth2/v3/token [omitted]
[debug] [2026-07-05T15:01:57.253Z] <<< [apiv2][status] POST https://www.googleapis.com/oauth2/v3/token 400
[debug] [2026-07-05T15:01:57.253Z] <<< [apiv2][body] POST https://www.googleapis.com/oauth2/v3/token [omitted]
[debug] [2026-07-05T15:01:57.254Z] Request to https://firebase.googleapis.com/v1beta1/projects/your-firebase-project-id had HTTP Error: 401, Request had invalid authentication credentials. Expected OAuth 2 access token, login cookie or other valid authentication credential. See https://developers.google.com/identity/sign-in/web/devconsole-project.
[debug] [2026-07-05T15:01:57.357Z] FirebaseError: Request to https://firebase.googleapis.com/v1beta1/projects/your-firebase-project-id had HTTP Error: 401, Request had invalid authentication credentials. Expected OAuth 2 access token, login cookie or other valid authentication credential. See https://developers.google.com/identity/sign-in/web/devconsole-project.
    at responseToError (C:\Users\mihai\AppData\Roaming\npm\node_modules\firebase-tools\lib\responseToError.js:53:12)
    at RetryOperation._fn (C:\Users\mihai\AppData\Roaming\npm\node_modules\firebase-tools\lib\apiv2.js:381:77)
    at process.processTicksAndRejections (node:internal/process/task_queues:104:5)
[error] 
[error] Error: Failed to get Firebase project your-firebase-project-id. Please make sure the project exists and your account has permission to access it.
